This is pdfTeX, Version 3.141592653-2.6-1.40.25 (MiKTeX 23.12) (preloaded format=pdflatex 2025.2.10)  14 FEB 2025 12:52
entering extended mode
 restricted \write18 enabled.
 file:line:error style messages enabled.
 %&-line parsing enabled.
**/home/enrico/Projects/uni/acs/report/main.tex
(/home/enrico/Projects/uni/acs/report/main.tex
LaTeX2e <2024-11-01> patch level 2
L3 programming layer <2025-01-18>
(/usr/local/share/miktex-texmf/tex/latex/base/article.cls
Document Class: article 2024/06/29 v1.4n Standard LaTeX document class
(/usr/local/share/miktex-texmf/tex/latex/base/size10.clo
File: size10.clo 2024/06/29 v1.4n Standard LaTeX file (size option)
)
\c@part=\count196
\c@section=\count197
\c@subsection=\count198
\c@subsubsection=\count199
\c@paragraph=\count266
\c@subparagraph=\count267
\c@figure=\count268
\c@table=\count269
\abovecaptionskip=\skip49
\belowcaptionskip=\skip50
\bibindent=\dimen141
) (/usr/local/share/miktex-texmf/tex/latex/graphics/graphicx.sty
Package: graphicx 2021/09/16 v1.2d Enhanced LaTeX Graphics (DPC,SPQR)
 (/usr/local/share/miktex-texmf/tex/latex/graphics/keyval.sty
Package: keyval 2022/05/29 v1.15 key=value parser (DPC)
\KV@toks@=\toks17
) (/usr/local/share/miktex-texmf/tex/latex/graphics/graphics.sty
Package: graphics 2024/08/06 v1.4g Standard LaTeX Graphics (DPC,SPQR)
 (/usr/local/share/miktex-texmf/tex/latex/graphics/trig.sty
Package: trig 2023/12/02 v1.11 sin cos tan (DPC)
) (/usr/local/share/miktex-texmf/tex/latex/graphics-cfg/graphics.cfg
File: graphics.cfg 2016/06/04 v1.11 sample graphics configuration
)
Package graphics Info: Driver file: pdftex.def on input line 106.
 (/usr/local/share/miktex-texmf/tex/latex/graphics-def/pdftex.def
File: pdftex.def 2024/04/13 v1.2c Graphics/color driver for pdftex
))
\Gin@req@height=\dimen142
\Gin@req@width=\dimen143
) (/usr/local/share/miktex-texmf/tex/latex/blindtext/blindtext.sty
Package: blindtext 2012/01/06 V2.0 blindtext-Package
 (/usr/local/share/miktex-texmf/tex/latex/tools/xspace.sty
Package: xspace 2014/10/28 v1.13 Space after command names (DPC,MH)
)
\c@blindtext=\count270
\c@Blindtext=\count271
\c@blind@countparstart=\count272
\blind@countxx=\count273
\blindtext@numBlindtext=\count274
\blind@countyy=\count275
\c@blindlist=\count276
\c@blindlistlevel=\count277
\c@blindlist@level=\count278
\blind@listitem=\count279
\c@blind@listcount=\count280
\c@blind@levelcount=\count281
\blind@mathformula=\count282
\blind@Mathformula=\count283
\c@blind@randomcount=\count284
\c@blind@randommax=\count285
\c@blind@pangramcount=\count286
\c@blind@pangrammax=\count287
) (/home/enrico/.miktex/texmfs/install/tex/latex/titlesec/titlesec.sty
Package: titlesec 2025/01/04 v2.17 Sectioning titles
\ttl@box=\box52
\beforetitleunit=\skip51
\aftertitleunit=\skip52
\ttl@plus=\dimen144
\ttl@minus=\dimen145
\ttl@toksa=\toks18
\titlewidth=\dimen146
\titlewidthlast=\dimen147
\titlewidthfirst=\dimen148
) (/home/enrico/.miktex/texmfs/install/tex/latex/subfig/subfig.sty
Package: subfig 2005/06/28 ver: 1.3 subfig package
 (/home/enrico/.miktex/texmfs/install/tex/latex/caption/caption.sty
Package: caption 2023/08/05 v3.6o Customizing captions (AR)
 (/home/enrico/.miktex/texmfs/install/tex/latex/caption/caption3.sty
Package: caption3 2023/07/31 v2.4d caption3 kernel (AR)
\caption@tempdima=\dimen149
\captionmargin=\dimen150
\caption@leftmargin=\dimen151
\caption@rightmargin=\dimen152
\caption@width=\dimen153
\caption@indent=\dimen154
\caption@parindent=\dimen155
\caption@hangindent=\dimen156
Package caption Info: Standard document class detected.
)
\c@caption@flags=\count288
\c@continuedfloat=\count289
)
\c@KVtest=\count290
\sf@farskip=\skip53
\sf@captopadj=\dimen157
\sf@capskip=\skip54
\sf@nearskip=\skip55
\c@subfigure=\count291
\c@subfigure@save=\count292
\c@lofdepth=\count293
\c@subtable=\count294
\c@subtable@save=\count295
\c@lotdepth=\count296
\sf@top=\skip56
\sf@bottom=\skip57
) (/home/enrico/.miktex/texmfs/install/tex/latex/kinematikz/kinematikz.sty
Package: kinematikz 2021/12/21 kinematikz definitions Package
 (/usr/local/share/miktex-texmf/tex/latex/pgf/frontendlayer/tikz.sty (/usr/local/share/miktex-texmf/tex/latex/pgf/basiclayer/pgf.sty (/usr/local/share/miktex-texmf/tex/latex/pgf/utilities/pgfrcs.sty (/usr/local/share/miktex-texmf/tex/generic/pgf/utilities/pgfutil-common.tex
\pgfutil@everybye=\toks19
\pgfutil@tempdima=\dimen158
\pgfutil@tempdimb=\dimen159
) (/usr/local/share/miktex-texmf/tex/generic/pgf/utilities/pgfutil-latex.def
\pgfutil@abb=\box53
) (/usr/local/share/miktex-texmf/tex/generic/pgf/utilities/pgfrcs.code.tex (/usr/local/share/miktex-texmf/tex/generic/pgf/pgf.revision.tex)
Package: pgfrcs 2023-01-15 v3.1.10 (3.1.10)
))
Package: pgf 2023-01-15 v3.1.10 (3.1.10)
 (/usr/local/share/miktex-texmf/tex/latex/pgf/basiclayer/pgfcore.sty (/usr/local/share/miktex-texmf/tex/latex/pgf/systemlayer/pgfsys.sty (/usr/local/share/miktex-texmf/tex/generic/pgf/systemlayer/pgfsys.code.tex
Package: pgfsys 2023-01-15 v3.1.10 (3.1.10)
 (/usr/local/share/miktex-texmf/tex/generic/pgf/utilities/pgfkeys.code.tex
\pgfkeys@pathtoks=\toks20
\pgfkeys@temptoks=\toks21
 (/usr/local/share/miktex-texmf/tex/generic/pgf/utilities/pgfkeyslibraryfiltered.code.tex
\pgfkeys@tmptoks=\toks22
))
\pgf@x=\dimen160
\pgf@y=\dimen161
\pgf@xa=\dimen162
\pgf@ya=\dimen163
\pgf@xb=\dimen164
\pgf@yb=\dimen165
\pgf@xc=\dimen166
\pgf@yc=\dimen167
\pgf@xd=\dimen168
\pgf@yd=\dimen169
\w@pgf@writea=\write3
\r@pgf@reada=\read2
\c@pgf@counta=\count297
\c@pgf@countb=\count298
\c@pgf@countc=\count299
\c@pgf@countd=\count300
\t@pgf@toka=\toks23
\t@pgf@tokb=\toks24
\t@pgf@tokc=\toks25
\pgf@sys@id@count=\count301
 (/usr/local/share/miktex-texmf/tex/generic/pgf/systemlayer/pgf.cfg
File: pgf.cfg 2023-01-15 v3.1.10 (3.1.10)
)
Driver file for pgf: pgfsys-pdftex.def
 (/usr/local/share/miktex-texmf/tex/generic/pgf/systemlayer/pgfsys-pdftex.def
File: pgfsys-pdftex.def 2023-01-15 v3.1.10 (3.1.10)
 (/usr/local/share/miktex-texmf/tex/generic/pgf/systemlayer/pgfsys-common-pdf.def
File: pgfsys-common-pdf.def 2023-01-15 v3.1.10 (3.1.10)
))) (/usr/local/share/miktex-texmf/tex/generic/pgf/systemlayer/pgfsyssoftpath.code.tex
File: pgfsyssoftpath.code.tex 2023-01-15 v3.1.10 (3.1.10)
\pgfsyssoftpath@smallbuffer@items=\count302
\pgfsyssoftpath@bigbuffer@items=\count303
) (/usr/local/share/miktex-texmf/tex/generic/pgf/systemlayer/pgfsysprotocol.code.tex
File: pgfsysprotocol.code.tex 2023-01-15 v3.1.10 (3.1.10)
)) (/usr/local/share/miktex-texmf/tex/latex/xcolor/xcolor.sty
Package: xcolor 2024/09/29 v3.02 LaTeX color extensions (UK)
 (/usr/local/share/miktex-texmf/tex/latex/graphics-cfg/color.cfg
File: color.cfg 2016/01/02 v1.6 sample color configuration
)
Package xcolor Info: Driver file: pdftex.def on input line 274.
 (/usr/local/share/miktex-texmf/tex/latex/graphics/mathcolor.ltx)
Package xcolor Info: Model `cmy' substituted by `cmy0' on input line 1349.
Package xcolor Info: Model `hsb' substituted by `rgb' on input line 1353.
Package xcolor Info: Model `RGB' extended on input line 1365.
Package xcolor Info: Model `HTML' substituted by `rgb' on input line 1367.
Package xcolor Info: Model `Hsb' substituted by `hsb' on input line 1368.
Package xcolor Info: Model `tHsb' substituted by `hsb' on input line 1369.
Package xcolor Info: Model `HSB' substituted by `hsb' on input line 1370.
Package xcolor Info: Model `Gray' substituted by `gray' on input line 1371.
Package xcolor Info: Model `wave' substituted by `hsb' on input line 1372.
) (/usr/local/share/miktex-texmf/tex/generic/pgf/basiclayer/pgfcore.code.tex
Package: pgfcore 2023-01-15 v3.1.10 (3.1.10)
 (/usr/local/share/miktex-texmf/tex/generic/pgf/math/pgfmath.code.tex (/usr/local/share/miktex-texmf/tex/generic/pgf/math/pgfmathutil.code.tex) (/usr/local/share/miktex-texmf/tex/generic/pgf/math/pgfmathparser.code.tex
\pgfmath@dimen=\dimen170
\pgfmath@count=\count304
\pgfmath@box=\box54
\pgfmath@toks=\toks26
\pgfmath@stack@operand=\toks27
\pgfmath@stack@operation=\toks28
) (/usr/local/share/miktex-texmf/tex/generic/pgf/math/pgfmathfunctions.code.tex) (/usr/local/share/miktex-texmf/tex/generic/pgf/math/pgfmathfunctions.basic.code.tex) (/usr/local/share/miktex-texmf/tex/generic/pgf/math/pgfmathfunctions.trigonometric.code.tex) (/usr/local/share/miktex-texmf/tex/generic/pgf/math/pgfmathfunctions.random.code.tex) (/usr/local/share/miktex-texmf/tex/generic/pgf/math/pgfmathfunctions.comparison.code.tex) (/usr/local/share/miktex-texmf/tex/generic/pgf/math/pgfmathfunctions.base.code.tex) (/usr/local/share/miktex-texmf/tex/generic/pgf/math/pgfmathfunctions.round.code.tex) (/usr/local/share/miktex-texmf/tex/generic/pgf/math/pgfmathfunctions.misc.code.tex) (/usr/local/share/miktex-texmf/tex/generic/pgf/math/pgfmathfunctions.integerarithmetics.code.tex) (/usr/local/share/miktex-texmf/tex/generic/pgf/math/pgfmathcalc.code.tex) (/usr/local/share/miktex-texmf/tex/generic/pgf/math/pgfmathfloat.code.tex
\c@pgfmathroundto@lastzeros=\count305
)) (/usr/local/share/miktex-texmf/tex/generic/pgf/math/pgfint.code.tex) (/usr/local/share/miktex-texmf/tex/generic/pgf/basiclayer/pgfcorepoints.code.tex
File: pgfcorepoints.code.tex 2023-01-15 v3.1.10 (3.1.10)
\pgf@picminx=\dimen171
\pgf@picmaxx=\dimen172
\pgf@picminy=\dimen173
\pgf@picmaxy=\dimen174
\pgf@pathminx=\dimen175
\pgf@pathmaxx=\dimen176
\pgf@pathminy=\dimen177
\pgf@pathmaxy=\dimen178
\pgf@xx=\dimen179
\pgf@xy=\dimen180
\pgf@yx=\dimen181
\pgf@yy=\dimen182
\pgf@zx=\dimen183
\pgf@zy=\dimen184
) (/usr/local/share/miktex-texmf/tex/generic/pgf/basiclayer/pgfcorepathconstruct.code.tex
File: pgfcorepathconstruct.code.tex 2023-01-15 v3.1.10 (3.1.10)
\pgf@path@lastx=\dimen185
\pgf@path@lasty=\dimen186
) (/usr/local/share/miktex-texmf/tex/generic/pgf/basiclayer/pgfcorepathusage.code.tex
File: pgfcorepathusage.code.tex 2023-01-15 v3.1.10 (3.1.10)
\pgf@shorten@end@additional=\dimen187
\pgf@shorten@start@additional=\dimen188
) (/usr/local/share/miktex-texmf/tex/generic/pgf/basiclayer/pgfcorescopes.code.tex
File: pgfcorescopes.code.tex 2023-01-15 v3.1.10 (3.1.10)
\pgfpic=\box55
\pgf@hbox=\box56
\pgf@layerbox@main=\box57
\pgf@picture@serial@count=\count306
) (/usr/local/share/miktex-texmf/tex/generic/pgf/basiclayer/pgfcoregraphicstate.code.tex
File: pgfcoregraphicstate.code.tex 2023-01-15 v3.1.10 (3.1.10)
\pgflinewidth=\dimen189
) (/usr/local/share/miktex-texmf/tex/generic/pgf/basiclayer/pgfcoretransformations.code.tex
File: pgfcoretransformations.code.tex 2023-01-15 v3.1.10 (3.1.10)
\pgf@pt@x=\dimen190
\pgf@pt@y=\dimen191
\pgf@pt@temp=\dimen192
) (/usr/local/share/miktex-texmf/tex/generic/pgf/basiclayer/pgfcorequick.code.tex
File: pgfcorequick.code.tex 2023-01-15 v3.1.10 (3.1.10)
) (/usr/local/share/miktex-texmf/tex/generic/pgf/basiclayer/pgfcoreobjects.code.tex
File: pgfcoreobjects.code.tex 2023-01-15 v3.1.10 (3.1.10)
) (/usr/local/share/miktex-texmf/tex/generic/pgf/basiclayer/pgfcorepathprocessing.code.tex
File: pgfcorepathprocessing.code.tex 2023-01-15 v3.1.10 (3.1.10)
) (/usr/local/share/miktex-texmf/tex/generic/pgf/basiclayer/pgfcorearrows.code.tex
File: pgfcorearrows.code.tex 2023-01-15 v3.1.10 (3.1.10)
\pgfarrowsep=\dimen193
) (/usr/local/share/miktex-texmf/tex/generic/pgf/basiclayer/pgfcoreshade.code.tex
File: pgfcoreshade.code.tex 2023-01-15 v3.1.10 (3.1.10)
\pgf@max=\dimen194
\pgf@sys@shading@range@num=\count307
\pgf@shadingcount=\count308
) (/usr/local/share/miktex-texmf/tex/generic/pgf/basiclayer/pgfcoreimage.code.tex
File: pgfcoreimage.code.tex 2023-01-15 v3.1.10 (3.1.10)
) (/usr/local/share/miktex-texmf/tex/generic/pgf/basiclayer/pgfcoreexternal.code.tex
File: pgfcoreexternal.code.tex 2023-01-15 v3.1.10 (3.1.10)
\pgfexternal@startupbox=\box58
) (/usr/local/share/miktex-texmf/tex/generic/pgf/basiclayer/pgfcorelayers.code.tex
File: pgfcorelayers.code.tex 2023-01-15 v3.1.10 (3.1.10)
) (/usr/local/share/miktex-texmf/tex/generic/pgf/basiclayer/pgfcoretransparency.code.tex
File: pgfcoretransparency.code.tex 2023-01-15 v3.1.10 (3.1.10)
) (/usr/local/share/miktex-texmf/tex/generic/pgf/basiclayer/pgfcorepatterns.code.tex
File: pgfcorepatterns.code.tex 2023-01-15 v3.1.10 (3.1.10)
) (/usr/local/share/miktex-texmf/tex/generic/pgf/basiclayer/pgfcorerdf.code.tex
File: pgfcorerdf.code.tex 2023-01-15 v3.1.10 (3.1.10)
))) (/usr/local/share/miktex-texmf/tex/generic/pgf/modules/pgfmoduleshapes.code.tex
File: pgfmoduleshapes.code.tex 2023-01-15 v3.1.10 (3.1.10)
\pgfnodeparttextbox=\box59
) (/usr/local/share/miktex-texmf/tex/generic/pgf/modules/pgfmoduleplot.code.tex
File: pgfmoduleplot.code.tex 2023-01-15 v3.1.10 (3.1.10)
) (/usr/local/share/miktex-texmf/tex/latex/pgf/compatibility/pgfcomp-version-0-65.sty
Package: pgfcomp-version-0-65 2023-01-15 v3.1.10 (3.1.10)
\pgf@nodesepstart=\dimen195
\pgf@nodesepend=\dimen196
) (/usr/local/share/miktex-texmf/tex/latex/pgf/compatibility/pgfcomp-version-1-18.sty
Package: pgfcomp-version-1-18 2023-01-15 v3.1.10 (3.1.10)
)) (/usr/local/share/miktex-texmf/tex/latex/pgf/utilities/pgffor.sty (/usr/local/share/miktex-texmf/tex/latex/pgf/utilities/pgfkeys.sty (/usr/local/share/miktex-texmf/tex/generic/pgf/utilities/pgfkeys.code.tex)) (/usr/local/share/miktex-texmf/tex/latex/pgf/math/pgfmath.sty (/usr/local/share/miktex-texmf/tex/generic/pgf/math/pgfmath.code.tex)) (/usr/local/share/miktex-texmf/tex/generic/pgf/utilities/pgffor.code.tex
Package: pgffor 2023-01-15 v3.1.10 (3.1.10)
\pgffor@iter=\dimen197
\pgffor@skip=\dimen198
\pgffor@stack=\toks29
\pgffor@toks=\toks30
)) (/usr/local/share/miktex-texmf/tex/generic/pgf/frontendlayer/tikz/tikz.code.tex
Package: tikz 2023-01-15 v3.1.10 (3.1.10)
 (/usr/local/share/miktex-texmf/tex/generic/pgf/libraries/pgflibraryplothandlers.code.tex
File: pgflibraryplothandlers.code.tex 2023-01-15 v3.1.10 (3.1.10)
\pgf@plot@mark@count=\count309
\pgfplotmarksize=\dimen199
)
\tikz@lastx=\dimen256
\tikz@lasty=\dimen257
\tikz@lastxsaved=\dimen258
\tikz@lastysaved=\dimen259
\tikz@lastmovetox=\dimen260
\tikz@lastmovetoy=\dimen261
\tikzleveldistance=\dimen262
\tikzsiblingdistance=\dimen263
\tikz@figbox=\box60
\tikz@figbox@bg=\box61
\tikz@tempbox=\box62
\tikz@tempbox@bg=\box63
\tikztreelevel=\count310
\tikznumberofchildren=\count311
\tikznumberofcurrentchild=\count312
\tikz@fig@count=\count313
 (/usr/local/share/miktex-texmf/tex/generic/pgf/modules/pgfmodulematrix.code.tex
File: pgfmodulematrix.code.tex 2023-01-15 v3.1.10 (3.1.10)
\pgfmatrixcurrentrow=\count314
\pgfmatrixcurrentcolumn=\count315
\pgf@matrix@numberofcolumns=\count316
)
\tikz@expandcount=\count317
 (/usr/local/share/miktex-texmf/tex/generic/pgf/frontendlayer/tikz/libraries/tikzlibrarytopaths.code.tex
File: tikzlibrarytopaths.code.tex 2023-01-15 v3.1.10 (3.1.10)
))) (/home/enrico/.miktex/texmfs/install/tex/latex/tikz-3dplot/tikz-3dplot.sty (/usr/local/share/miktex-texmf/tex/latex/base/ifthen.sty
Package: ifthen 2024/03/16 v1.1e Standard LaTeX ifthen package (DPC)
) (/usr/local/share/miktex-texmf/tex/generic/pgf/frontendlayer/tikz/libraries/tikzlibrarycalc.code.tex
File: tikzlibrarycalc.code.tex 2023-01-15 v3.1.10 (3.1.10)
) (/usr/local/share/miktex-texmf/tex/generic/pgf/frontendlayer/tikz/libraries/tikzlibrary3d.code.tex
File: tikzlibrary3d.code.tex 2023-01-15 v3.1.10 (3.1.10)
) (/usr/local/share/miktex-texmf/tex/generic/pgf/frontendlayer/tikz/libraries/tikzlibraryarrows.code.tex
File: tikzlibraryarrows.code.tex 2023-01-15 v3.1.10 (3.1.10)
 (/usr/local/share/miktex-texmf/tex/generic/pgf/libraries/pgflibraryarrows.code.tex
File: pgflibraryarrows.code.tex 2023-01-15 v3.1.10 (3.1.10)
\arrowsize=\dimen264
))) (/home/enrico/.miktex/texmfs/install/tex/latex/xstring/xstring.sty (/home/enrico/.miktex/texmfs/install/tex/generic/xstring/xstring.tex
\xs_counta=\count318
\xs_countb=\count319
)
Package: xstring 2023/08/22 v1.86 String manipulations (CT)
) (/home/enrico/.miktex/texmfs/install/tex/latex/listofitems/listofitems.sty (/home/enrico/.miktex/texmfs/install/tex/generic/listofitems/listofitems.tex
\loi_cnt_foreach_nest=\count320
\loi_nestcnt=\count321
)
Package: listofitems 2024/03/09 v1.65 Grab items in lists using user-specified sep char (CT)
) (/home/enrico/.miktex/texmfs/install/tex/latex/xpatch/xpatch.sty (/usr/local/share/miktex-texmf/tex/latex/l3kernel/expl3.sty
Package: expl3 2025-01-18 L3 programming layer (loader) 
 (/usr/local/share/miktex-texmf/tex/latex/l3backend/l3backend-pdftex.def
File: l3backend-pdftex.def 2024-05-08 L3 backend support: PDF output (pdfTeX)
\l__color_backend_stack_int=\count322
\l__pdf_internal_box=\box64
))
Package: xpatch 2020/03/25 v0.3a Extending etoolbox patching commands
 (/usr/local/share/miktex-texmf/tex/latex/l3packages/xparse/xparse.sty
Package: xparse 2024-08-16 L3 Experimental document command parser
) (/usr/local/share/miktex-texmf/tex/latex/etoolbox/etoolbox.sty
Package: etoolbox 2020/10/05 v2.5k e-TeX tools for LaTeX (JAW)
\etb@tempcnta=\count323
)) (/usr/local/share/miktex-texmf/tex/generic/pgf/frontendlayer/tikz/libraries/tikzlibrarybackgrounds.code.tex
File: tikzlibrarybackgrounds.code.tex 2023-01-15 v3.1.10 (3.1.10)
\pgf@layerbox@background=\box65
\pgf@layerboxsaved@background=\box66
) (/usr/local/share/miktex-texmf/tex/generic/pgf/frontendlayer/tikz/libraries/tikzlibrarymatrix.code.tex
File: tikzlibrarymatrix.code.tex 2023-01-15 v3.1.10 (3.1.10)
) (/usr/local/share/miktex-texmf/tex/generic/pgf/frontendlayer/tikz/libraries/tikzlibraryshapes.code.tex
File: tikzlibraryshapes.code.tex 2023-01-15 v3.1.10 (3.1.10)
 (/usr/local/share/miktex-texmf/tex/generic/pgf/frontendlayer/tikz/libraries/tikzlibraryshapes.geometric.code.tex
File: tikzlibraryshapes.geometric.code.tex 2023-01-15 v3.1.10 (3.1.10)
 (/usr/local/share/miktex-texmf/tex/generic/pgf/libraries/shapes/pgflibraryshapes.geometric.code.tex
File: pgflibraryshapes.geometric.code.tex 2023-01-15 v3.1.10 (3.1.10)
)) (/usr/local/share/miktex-texmf/tex/generic/pgf/frontendlayer/tikz/libraries/tikzlibraryshapes.misc.code.tex
File: tikzlibraryshapes.misc.code.tex 2023-01-15 v3.1.10 (3.1.10)
 (/usr/local/share/miktex-texmf/tex/generic/pgf/libraries/shapes/pgflibraryshapes.misc.code.tex
File: pgflibraryshapes.misc.code.tex 2023-01-15 v3.1.10 (3.1.10)
)) (/usr/local/share/miktex-texmf/tex/generic/pgf/frontendlayer/tikz/libraries/tikzlibraryshapes.symbols.code.tex
File: tikzlibraryshapes.symbols.code.tex 2023-01-15 v3.1.10 (3.1.10)
 (/usr/local/share/miktex-texmf/tex/generic/pgf/libraries/shapes/pgflibraryshapes.symbols.code.tex
File: pgflibraryshapes.symbols.code.tex 2023-01-15 v3.1.10 (3.1.10)
)) (/usr/local/share/miktex-texmf/tex/generic/pgf/frontendlayer/tikz/libraries/tikzlibraryshapes.arrows.code.tex
File: tikzlibraryshapes.arrows.code.tex 2023-01-15 v3.1.10 (3.1.10)
 (/usr/local/share/miktex-texmf/tex/generic/pgf/libraries/shapes/pgflibraryshapes.arrows.code.tex
File: pgflibraryshapes.arrows.code.tex 2023-01-15 v3.1.10 (3.1.10)
)) (/usr/local/share/miktex-texmf/tex/generic/pgf/frontendlayer/tikz/libraries/tikzlibraryshapes.callouts.code.tex (/usr/local/share/miktex-texmf/tex/generic/pgf/libraries/shapes/pgflibraryshapes.callouts.code.tex)) (/usr/local/share/miktex-texmf/tex/generic/pgf/frontendlayer/tikz/libraries/tikzlibraryshapes.multipart.code.tex
File: tikzlibraryshapes.multipart.code.tex 2023-01-15 v3.1.10 (3.1.10)
 (/usr/local/share/miktex-texmf/tex/generic/pgf/libraries/shapes/pgflibraryshapes.multipart.code.tex
File: pgflibraryshapes.multipart.code.tex 2023-01-15 v3.1.10 (3.1.10)
\pgfnodepartlowerbox=\box67
\pgfnodeparttwobox=\box68
\pgfnodepartthreebox=\box69
\pgfnodepartfourbox=\box70
\pgfnodeparttwentybox=\box71
\pgfnodepartnineteenbox=\box72
\pgfnodeparteighteenbox=\box73
\pgfnodepartseventeenbox=\box74
\pgfnodepartsixteenbox=\box75
\pgfnodepartfifteenbox=\box76
\pgfnodepartfourteenbox=\box77
\pgfnodepartthirteenbox=\box78
\pgfnodeparttwelvebox=\box79
\pgfnodepartelevenbox=\box80
\pgfnodeparttenbox=\box81
\pgfnodepartninebox=\box82
\pgfnodeparteightbox=\box83
\pgfnodepartsevenbox=\box84
\pgfnodepartsixbox=\box85
\pgfnodepartfivebox=\box86
))) (/usr/local/share/miktex-texmf/tex/generic/pgf/frontendlayer/tikz/libraries/tikzlibraryshadows.code.tex
File: tikzlibraryshadows.code.tex 2023-01-15 v3.1.10 (3.1.10)
 (/usr/local/share/miktex-texmf/tex/generic/pgf/frontendlayer/tikz/libraries/tikzlibraryfadings.code.tex
File: tikzlibraryfadings.code.tex 2023-01-15 v3.1.10 (3.1.10)
 (/usr/local/share/miktex-texmf/tex/generic/pgf/libraries/pgflibraryfadings.code.tex
File: pgflibraryfadings.code.tex 2023-01-15 v3.1.10 (3.1.10)
))) (/usr/local/share/miktex-texmf/tex/generic/pgf/frontendlayer/tikz/libraries/tikzlibrarydecorations.pathreplacing.code.tex (/usr/local/share/miktex-texmf/tex/generic/pgf/frontendlayer/tikz/libraries/tikzlibrarydecorations.code.tex (/usr/local/share/miktex-texmf/tex/generic/pgf/modules/pgfmoduledecorations.code.tex
\pgfdecoratedcompleteddistance=\dimen265
\pgfdecoratedremainingdistance=\dimen266
\pgfdecoratedinputsegmentcompleteddistance=\dimen267
\pgfdecoratedinputsegmentremainingdistance=\dimen268
\pgf@decorate@distancetomove=\dimen269
\pgf@decorate@repeatstate=\count324
\pgfdecorationsegmentamplitude=\dimen270
\pgfdecorationsegmentlength=\dimen271
)
\tikz@lib@dec@box=\box87
) (/usr/local/share/miktex-texmf/tex/generic/pgf/libraries/decorations/pgflibrarydecorations.pathreplacing.code.tex)) (/usr/local/share/miktex-texmf/tex/generic/pgf/frontendlayer/tikz/libraries/tikzlibrarydecorations.pathmorphing.code.tex (/usr/local/share/miktex-texmf/tex/generic/pgf/libraries/decorations/pgflibrarydecorations.pathmorphing.code.tex))
(/usr/local/share/miktex-texmf/tex/generic/pgf/frontendlayer/tikz/libraries/tikzlibrarypositioning.code.tex
File: tikzlibrarypositioning.code.tex 2023-01-15 v3.1.10 (3.1.10)
) (/usr/local/share/miktex-texmf/tex/generic/pgf/frontendlayer/tikz/libraries/tikzlibrarypatterns.code.tex
File: tikzlibrarypatterns.code.tex 2023-01-15 v3.1.10 (3.1.10)
 (/usr/local/share/miktex-texmf/tex/generic/pgf/libraries/pgflibrarypatterns.code.tex
File: pgflibrarypatterns.code.tex 2023-01-15 v3.1.10 (3.1.10)
)) (/usr/local/share/miktex-texmf/tex/generic/pgf/frontendlayer/tikz/libraries/tikzlibraryscopes.code.tex
File: tikzlibraryscopes.code.tex 2023-01-15 v3.1.10 (3.1.10)
) (/usr/local/share/miktex-texmf/tex/generic/pgf/frontendlayer/tikz/libraries/tikzlibraryangles.code.tex
File: tikzlibraryangles.code.tex 2023-01-15 v3.1.10 (3.1.10)
) (/home/enrico/.miktex/texmfs/install/tex/latex/hobby/tikzlibraryhobby.code.tex (/home/enrico/.miktex/texmfs/install/tex/latex/hobby/pgflibraryhobby.code.tex (/home/enrico/.miktex/texmfs/install/tex/latex/hobby/hobby.code.tex (/home/enrico/.miktex/texmfs/install/tex/latex/hobby/pml3array.sty
\l_array_base_int=\count325
\l_array_top_int=\count326
\l_array_tmp_int=\count327
\g_array_map_int=\count328
\g_array_base_int=\count329
)
\g__hobby_npoints_int=\count330
\g__hobby_draw_int=\count331
))) (/usr/local/share/miktex-texmf/tex/generic/pgf/frontendlayer/tikz/libraries/tikzlibrarymath.code.tex (/usr/local/share/miktex-texmf/tex/generic/pgf/frontendlayer/tikz/libraries/tikzlibraryfpu.code.tex (/usr/local/share/miktex-texmf/tex/generic/pgf/libraries/pgflibraryfpu.code.tex))
\tikz@math@for@depth=\count332
\tikz@math@dimen=\dimen272
\tikz@math@toks=\toks31
) (/usr/local/share/miktex-texmf/tex/generic/pgf/frontendlayer/tikz/libraries/tikzlibraryintersections.code.tex (/usr/local/share/miktex-texmf/tex/generic/pgf/libraries/pgflibraryintersections.code.tex
\pgf@intersect@solutions=\count333
)) (/usr/local/share/miktex-texmf/tex/generic/pgf/frontendlayer/tikz/libraries/tikzlibraryfit.code.tex
File: tikzlibraryfit.code.tex 2023-01-15 v3.1.10 (3.1.10)
) (/usr/local/share/miktex-texmf/tex/generic/pgf/libraries/pgflibraryarrows.meta.code.tex
File: pgflibraryarrows.meta.code.tex 2023-01-15 v3.1.10 (3.1.10)
\pgfarrowinset=\dimen273
\pgfarrowlength=\dimen274
\pgfarrowwidth=\dimen275
\pgfarrowlinewidth=\dimen276
)
\hatchspread=\skip58
\hatchthickness=\skip59
\hatchshift=\skip60
) (/usr/local/share/miktex-texmf/tex/latex/ragged2e/ragged2e.sty
Package: ragged2e 2023/06/22 v3.6 ragged2e Package
\CenteringLeftskip=\skip61
\RaggedLeftLeftskip=\skip62
\RaggedRightLeftskip=\skip63
\CenteringRightskip=\skip64
\RaggedLeftRightskip=\skip65
\RaggedRightRightskip=\skip66
\CenteringParfillskip=\skip67
\RaggedLeftParfillskip=\skip68
\RaggedRightParfillskip=\skip69
\JustifyingParfillskip=\skip70
\CenteringParindent=\skip71
\RaggedLeftParindent=\skip72
\RaggedRightParindent=\skip73
\JustifyingParindent=\skip74
) (/usr/local/share/miktex-texmf/tex/latex/amsmath/amsmath.sty
Package: amsmath 2024/11/05 v2.17t AMS math features
\@mathmargin=\skip75

For additional information on amsmath, use the `?' option.
(/usr/local/share/miktex-texmf/tex/latex/amsmath/amstext.sty
Package: amstext 2021/08/26 v2.01 AMS text
 (/usr/local/share/miktex-texmf/tex/latex/amsmath/amsgen.sty
File: amsgen.sty 1999/11/30 v2.0 generic functions
\@emptytoks=\toks32
\ex@=\dimen277
)) (/usr/local/share/miktex-texmf/tex/latex/amsmath/amsbsy.sty
Package: amsbsy 1999/11/29 v1.2d Bold Symbols
\pmbraise@=\dimen278
) (/usr/local/share/miktex-texmf/tex/latex/amsmath/amsopn.sty
Package: amsopn 2022/04/08 v2.04 operator names
)
\inf@bad=\count334
LaTeX Info: Redefining \frac on input line 233.
\uproot@=\count335
\leftroot@=\count336
LaTeX Info: Redefining \overline on input line 398.
LaTeX Info: Redefining \colon on input line 409.
\classnum@=\count337
\DOTSCASE@=\count338
LaTeX Info: Redefining \ldots on input line 495.
LaTeX Info: Redefining \dots on input line 498.
LaTeX Info: Redefining \cdots on input line 619.
\Mathstrutbox@=\box88
\strutbox@=\box89
LaTeX Info: Redefining \big on input line 721.
LaTeX Info: Redefining \Big on input line 722.
LaTeX Info: Redefining \bigg on input line 723.
LaTeX Info: Redefining \Bigg on input line 724.
\big@size=\dimen279
LaTeX Font Info:    Redeclaring font encoding OML on input line 742.
LaTeX Font Info:    Redeclaring font encoding OMS on input line 743.
\macc@depth=\count339
LaTeX Info: Redefining \bmod on input line 904.
LaTeX Info: Redefining \pmod on input line 909.
LaTeX Info: Redefining \smash on input line 939.
LaTeX Info: Redefining \relbar on input line 969.
LaTeX Info: Redefining \Relbar on input line 970.
\c@MaxMatrixCols=\count340
\dotsspace@=\muskip17
\c@parentequation=\count341
\dspbrk@lvl=\count342
\tag@help=\toks33
\row@=\count343
\column@=\count344
\maxfields@=\count345
\andhelp@=\toks34
\eqnshift@=\dimen280
\alignsep@=\dimen281
\tagshift@=\dimen282
\tagwidth@=\dimen283
\totwidth@=\dimen284
\lineht@=\dimen285
\@envbody=\toks35
\multlinegap=\skip76
\multlinetaggap=\skip77
\mathdisplay@stack=\toks36
LaTeX Info: Redefining \[ on input line 2953.
LaTeX Info: Redefining \] on input line 2954.
) (/home/enrico/.miktex/texmfs/install/tex/latex/slashbox/slashbox.sty
slashbox style by K.Yasuoka, May 1993.
\@slashboxa=\box90
\@slashboxb=\box91
\@slashboxc=\box92
\@slashboxwd=\count346
\@slashboxht=\count347
\@slashsepl=\dimen286
\@slashsepr=\dimen287
) (/usr/local/share/miktex-texmf/tex/latex/hyperref/hyperref.sty
Package: hyperref 2024-11-05 v7.01l Hypertext links for LaTeX
 (/usr/local/share/miktex-texmf/tex/generic/iftex/iftex.sty
Package: iftex 2024/12/12 v1.0g TeX engine tests
) (/home/enrico/.miktex/texmfs/install/tex/latex/kvsetkeys/kvsetkeys.sty
Package: kvsetkeys 2022-10-05 v1.19 Key value parser (HO)
) (/home/enrico/.miktex/texmfs/install/tex/generic/kvdefinekeys/kvdefinekeys.sty
Package: kvdefinekeys 2019-12-19 v1.6 Define keys (HO)
) (/home/enrico/.miktex/texmfs/install/tex/generic/pdfescape/pdfescape.sty
Package: pdfescape 2019/12/09 v1.15 Implements pdfTeX's escape features (HO)
 (/home/enrico/.miktex/texmfs/install/tex/generic/ltxcmds/ltxcmds.sty
Package: ltxcmds 2023-12-04 v1.26 LaTeX kernel commands for general use (HO)
) (/usr/local/share/miktex-texmf/tex/generic/pdftexcmds/pdftexcmds.sty
Package: pdftexcmds 2020-06-27 v0.33 Utility functions of pdfTeX for LuaTeX (HO)
 (/home/enrico/.miktex/texmfs/install/tex/generic/infwarerr/infwarerr.sty
Package: infwarerr 2019/12/03 v1.5 Providing info/warning/error messages (HO)
)
Package pdftexcmds Info: \pdf@primitive is available.
Package pdftexcmds Info: \pdf@ifprimitive is available.
Package pdftexcmds Info: \pdfdraftmode found.
)) (/home/enrico/.miktex/texmfs/install/tex/latex/hycolor/hycolor.sty
Package: hycolor 2020-01-27 v1.10 Color options for hyperref/bookmark (HO)
) (/usr/local/share/miktex-texmf/tex/latex/hyperref/nameref.sty
Package: nameref 2023-11-26 v2.56 Cross-referencing by name of section
 (/home/enrico/.miktex/texmfs/install/tex/latex/refcount/refcount.sty
Package: refcount 2019/12/15 v3.6 Data extraction from label references (HO)
) (/home/enrico/.miktex/texmfs/install/tex/generic/gettitlestring/gettitlestring.sty
Package: gettitlestring 2019/12/15 v1.6 Cleanup title references (HO)
 (/home/enrico/.miktex/texmfs/install/tex/latex/kvoptions/kvoptions.sty
Package: kvoptions 2022-06-15 v3.15 Key value format for package options (HO)
))
\c@section@level=\count348
) (/home/enrico/.miktex/texmfs/install/tex/generic/stringenc/stringenc.sty
Package: stringenc 2019/11/29 v1.12 Convert strings between diff. encodings (HO)
)
\@linkdim=\dimen288
\Hy@linkcounter=\count349
\Hy@pagecounter=\count350
 (/usr/local/share/miktex-texmf/tex/latex/hyperref/pd1enc.def
File: pd1enc.def 2024-11-05 v7.01l Hyperref: PDFDocEncoding definition (HO)
Now handling font encoding PD1 ...
... no UTF-8 mapping file for font encoding PD1
) (/home/enrico/.miktex/texmfs/install/tex/generic/intcalc/intcalc.sty
Package: intcalc 2019/12/15 v1.3 Expandable calculations with integers (HO)
)
\Hy@SavedSpaceFactor=\count351
 (/usr/local/share/miktex-texmf/tex/latex/hyperref/puenc.def
File: puenc.def 2024-11-05 v7.01l Hyperref: PDF Unicode definition (HO)
Now handling font encoding PU ...
... no UTF-8 mapping file for font encoding PU
)
Package hyperref Info: Hyper figures OFF on input line 4157.
Package hyperref Info: Link nesting OFF on input line 4162.
Package hyperref Info: Hyper index ON on input line 4165.
Package hyperref Info: Plain pages OFF on input line 4172.
Package hyperref Info: Backreferencing OFF on input line 4177.
Package hyperref Info: Implicit mode ON; LaTeX internals redefined.
Package hyperref Info: Bookmarks ON on input line 4424.
\c@Hy@tempcnt=\count352
 (/usr/local/share/miktex-texmf/tex/latex/url/url.sty
\Urlmuskip=\muskip18
Package: url 2013/09/16  ver 3.4  Verb mode for urls, etc.
)
LaTeX Info: Redefining \url on input line 4763.
\XeTeXLinkMargin=\dimen289
 (/home/enrico/.miktex/texmfs/install/tex/generic/bitset/bitset.sty
Package: bitset 2019/12/09 v1.3 Handle bit-vector datatype (HO)
 (/home/enrico/.miktex/texmfs/install/tex/generic/bigintcalc/bigintcalc.sty
Package: bigintcalc 2019/12/15 v1.5 Expandable calculations on big integers (HO)
))
\Fld@menulength=\count353
\Field@Width=\dimen290
\Fld@charsize=\dimen291
Package hyperref Info: Hyper figures OFF on input line 6042.
Package hyperref Info: Link nesting OFF on input line 6047.
Package hyperref Info: Hyper index ON on input line 6050.
Package hyperref Info: backreferencing OFF on input line 6057.
Package hyperref Info: Link coloring OFF on input line 6062.
Package hyperref Info: Link coloring with OCG OFF on input line 6067.
Package hyperref Info: PDF/A mode OFF on input line 6072.
 (/usr/local/share/miktex-texmf/tex/latex/base/atbegshi-ltx.sty
Package: atbegshi-ltx 2021/01/10 v1.0c Emulation of the original atbegshi
package with kernel methods
)
\Hy@abspage=\count354
\c@Item=\count355
\c@Hfootnote=\count356
)
Package hyperref Info: Driver (autodetected): hpdftex.
 (/usr/local/share/miktex-texmf/tex/latex/hyperref/hpdftex.def
File: hpdftex.def 2024-11-05 v7.01l Hyperref driver for pdfTeX
 (/usr/local/share/miktex-texmf/tex/latex/base/atveryend-ltx.sty
Package: atveryend-ltx 2020/08/19 v1.0a Emulation of the original atveryend package
with kernel methods
)
\Fld@listcount=\count357
\c@bookmark@seq@number=\count358
 (/home/enrico/.miktex/texmfs/install/tex/latex/rerunfilecheck/rerunfilecheck.sty
Package: rerunfilecheck 2022-07-10 v1.10 Rerun checks for auxiliary files (HO)
 (/home/enrico/.miktex/texmfs/install/tex/generic/uniquecounter/uniquecounter.sty
Package: uniquecounter 2019/12/15 v1.4 Provide unlimited unique counter (HO)
)
Package uniquecounter Info: New unique counter `rerunfilecheck' on input line 285.
)
\Hy@SectionHShift=\skip78
) (/home/enrico/.miktex/texmfs/install/tex/latex/float/float.sty
Package: float 2001/11/08 v1.3d Float enhancements (AL)
\c@float@type=\count359
\float@exts=\toks37
\float@box=\box93
\@float@everytoks=\toks38
\@floatcapt=\box94
) (/home/enrico/.miktex/texmfs/install/tex/generic/genmisc/nth.sty
Package: nth 2002/02/27
) (/home/enrico/.miktex/texmfs/install/tex/latex/footmisc/footmisc.sty
Package: footmisc 2024/12/24 v6.0g a miscellany of footnote facilities
\FN@temptoken=\toks39
\footnotemargin=\dimen292
\@outputbox@depth=\dimen293
Package footmisc Info: Declaring symbol style bringhurst on input line 699.
Package footmisc Info: Declaring symbol style chicago on input line 707.
Package footmisc Info: Declaring symbol style wiley on input line 716.
Package footmisc Info: Declaring symbol style lamport-robust on input line 727.
Package footmisc Info: Declaring symbol style lamport* on input line 747.
Package footmisc Info: Declaring symbol style lamport*-robust on input line 768.
) (/home/enrico/.miktex/texmfs/install/tex/latex/matlab-prettifier/matlab-prettifier.sty
Package: matlab-prettifier 2014/06/19 v0.3 A package for prettyprinting Matlab source code
 (/usr/local/share/miktex-texmf/tex/latex/base/textcomp.sty
Package: textcomp 2024/04/24 v2.1b Standard LaTeX package
) (/usr/local/share/miktex-texmf/tex/latex/listings/listings.sty
\lst@mode=\count360
\lst@gtempboxa=\box95
\lst@token=\toks40
\lst@length=\count361
\lst@currlwidth=\dimen294
\lst@column=\count362
\lst@pos=\count363
\lst@lostspace=\dimen295
\lst@width=\dimen296
\lst@newlines=\count364
\lst@lineno=\count365
\lst@maxwidth=\dimen297
 (/usr/local/share/miktex-texmf/tex/latex/listings/lstpatch.sty
File: lstpatch.sty 2024/09/23 1.10c (Carsten Heinz)
) (/usr/local/share/miktex-texmf/tex/latex/listings/lstmisc.sty
File: lstmisc.sty 2024/09/23 1.10c (Carsten Heinz)
\c@lstnumber=\count366
\lst@skipnumbers=\count367
\lst@framebox=\box96
) (/usr/local/share/miktex-texmf/tex/latex/listings/listings.cfg
File: listings.cfg 2024/09/23 1.10c listings configuration
))
Package: listings 2024/09/23 1.10c (Carsten Heinz)
\netBracketCount@mlpr=\count368
\blkLvl@mlpr=\count369
\blkLvlAtClassdef@mlpr=\count370
\emHeight@mlpr=\skip79
\jayDepth@mlpr=\skip80
\sectionRuleOffset@mlpr=\skip81
\toks@mlpr=\toks41
) (/usr/local/share/miktex-texmf/tex/latex/biblatex/biblatex.sty
Package: biblatex 2024/03/21 v3.20 programmable bibliographies (PK/MW)
 (/home/enrico/.miktex/texmfs/install/tex/latex/logreq/logreq.sty
Package: logreq 2010/08/04 v1.0 xml request logger
\lrq@indent=\count371
 (/home/enrico/.miktex/texmfs/install/tex/latex/logreq/logreq.def
File: logreq.def 2010/08/04 v1.0 logreq spec v1.0
))
\c@tabx@nest=\count372
\c@listtotal=\count373
\c@listcount=\count374
\c@liststart=\count375
\c@liststop=\count376
\c@citecount=\count377
\c@citetotal=\count378
\c@multicitecount=\count379
\c@multicitetotal=\count380
\c@instcount=\count381
\c@maxnames=\count382
\c@minnames=\count383
\c@maxitems=\count384
\c@minitems=\count385
\c@citecounter=\count386
\c@maxcitecounter=\count387
\c@savedcitecounter=\count388
\c@uniquelist=\count389
\c@uniquename=\count390
\c@refsection=\count391
\c@refsegment=\count392
\c@maxextratitle=\count393
\c@maxextratitleyear=\count394
\c@maxextraname=\count395
\c@maxextradate=\count396
\c@maxextraalpha=\count397
\c@abbrvpenalty=\count398
\c@highnamepenalty=\count399
\c@lownamepenalty=\count400
\c@maxparens=\count401
\c@parenlevel=\count402
\blx@tempcnta=\count403
\blx@tempcntb=\count404
\blx@tempcntc=\count405
\c@blx@maxsection=\count406
\blx@maxsegment@0=\count407
\blx@notetype=\count408
\blx@parenlevel@text=\count409
\blx@parenlevel@foot=\count410
\blx@sectionciteorder@0=\count411
\blx@sectionciteorderinternal@0=\count412
\blx@entrysetcounter=\count413
\blx@biblioinstance=\count414
\labelnumberwidth=\skip82
\labelalphawidth=\skip83
\biblabelsep=\skip84
\bibitemsep=\skip85
\bibnamesep=\skip86
\bibinitsep=\skip87
\bibparsep=\skip88
\bibhang=\skip89
\blx@bcfin=\read3
\blx@bcfout=\write4
\blx@langwohyphens=\language79
\c@mincomprange=\count415
\c@maxcomprange=\count416
\c@mincompwidth=\count417
Package biblatex Info: Trying to load biblatex default data model...
Package biblatex Info: ... file 'blx-dm.def' found.
 (/usr/local/share/miktex-texmf/tex/latex/biblatex/blx-dm.def
File: blx-dm.def 2024/03/21 v3.20 biblatex datamodel (PK/MW)
)
Package biblatex Info: Trying to load biblatex custom data model...
Package biblatex Info: ... file 'biblatex-dm.cfg' not found.
\c@afterword=\count418
\c@savedafterword=\count419
\c@annotator=\count420
\c@savedannotator=\count421
\c@author=\count422
\c@savedauthor=\count423
\c@bookauthor=\count424
\c@savedbookauthor=\count425
\c@commentator=\count426
\c@savedcommentator=\count427
\c@editor=\count428
\c@savededitor=\count429
\c@editora=\count430
\c@savededitora=\count431
\c@editorb=\count432
\c@savededitorb=\count433
\c@editorc=\count434
\c@savededitorc=\count435
\c@foreword=\count436
\c@savedforeword=\count437
\c@holder=\count438
\c@savedholder=\count439
\c@introduction=\count440
\c@savedintroduction=\count441
\c@namea=\count442
\c@savednamea=\count443
\c@nameb=\count444
\c@savednameb=\count445
\c@namec=\count446
\c@savednamec=\count447
\c@translator=\count448
\c@savedtranslator=\count449
\c@shortauthor=\count450
\c@savedshortauthor=\count451
\c@shorteditor=\count452
\c@savedshorteditor=\count453
\c@labelname=\count454
\c@savedlabelname=\count455
\c@institution=\count456
\c@savedinstitution=\count457
\c@lista=\count458
\c@savedlista=\count459
\c@listb=\count460
\c@savedlistb=\count461
\c@listc=\count462
\c@savedlistc=\count463
\c@listd=\count464
\c@savedlistd=\count465
\c@liste=\count466
\c@savedliste=\count467
\c@listf=\count468
\c@savedlistf=\count469
\c@location=\count470
\c@savedlocation=\count471
\c@organization=\count472
\c@savedorganization=\count473
\c@origlocation=\count474
\c@savedoriglocation=\count475
\c@origpublisher=\count476
\c@savedorigpublisher=\count477
\c@publisher=\count478
\c@savedpublisher=\count479
\c@language=\count480
\c@savedlanguage=\count481
\c@origlanguage=\count482
\c@savedoriglanguage=\count483
\c@pageref=\count484
\c@savedpageref=\count485
\shorthandwidth=\skip90
\shortjournalwidth=\skip91
\shortserieswidth=\skip92
\shorttitlewidth=\skip93
\shortauthorwidth=\skip94
\shorteditorwidth=\skip95
\locallabelnumberwidth=\skip96
\locallabelalphawidth=\skip97
\localshorthandwidth=\skip98
\localshortjournalwidth=\skip99
\localshortserieswidth=\skip100
\localshorttitlewidth=\skip101
\localshortauthorwidth=\skip102
\localshorteditorwidth=\skip103
Package biblatex Info: Trying to load compatibility code...
Package biblatex Info: ... file 'blx-compat.def' found.
 (/usr/local/share/miktex-texmf/tex/latex/biblatex/blx-compat.def
File: blx-compat.def 2024/03/21 v3.20 biblatex compatibility (PK/MW)
)
Package biblatex Info: Trying to load generic definitions...
Package biblatex Info: ... file 'biblatex.def' found.
 (/usr/local/share/miktex-texmf/tex/latex/biblatex/biblatex.def
File: biblatex.def 2024/03/21 v3.20 biblatex compatibility (PK/MW)
\c@textcitecount=\count486
\c@textcitetotal=\count487
\c@textcitemaxnames=\count488
\c@biburlbigbreakpenalty=\count489
\c@biburlbreakpenalty=\count490
\c@biburlnumpenalty=\count491
\c@biburlucpenalty=\count492
\c@biburllcpenalty=\count493
\biburlbigskip=\muskip19
\biburlnumskip=\muskip20
\biburlucskip=\muskip21
\biburllcskip=\muskip22
\c@smartand=\count494
)
Package biblatex Info: Trying to load bibliography style 'numeric'...
Package biblatex Info: ... file 'numeric.bbx' found.
 (/usr/local/share/miktex-texmf/tex/latex/biblatex/bbx/numeric.bbx
File: numeric.bbx 2024/03/21 v3.20 biblatex bibliography style (PK/MW)
Package biblatex Info: Trying to load bibliography style 'standard'...
Package biblatex Info: ... file 'standard.bbx' found.
 (/usr/local/share/miktex-texmf/tex/latex/biblatex/bbx/standard.bbx
File: standard.bbx 2024/03/21 v3.20 biblatex bibliography style (PK/MW)
\c@bbx:relatedcount=\count495
\c@bbx:relatedtotal=\count496
))
Package biblatex Info: Trying to load citation style 'numeric'...
Package biblatex Info: ... file 'numeric.cbx' found.
 (/usr/local/share/miktex-texmf/tex/latex/biblatex/cbx/numeric.cbx
File: numeric.cbx 2024/03/21 v3.20 biblatex citation style (PK/MW)
Package biblatex Info: Redefining '\cite'.
Package biblatex Info: Redefining '\parencite'.
Package biblatex Info: Redefining '\footcite'.
Package biblatex Info: Redefining '\footcitetext'.
Package biblatex Info: Redefining '\smartcite'.
Package biblatex Info: Redefining '\supercite'.
Package biblatex Info: Redefining '\textcite'.
Package biblatex Info: Redefining '\textcites'.
Package biblatex Info: Redefining '\cites'.
Package biblatex Info: Redefining '\parencites'.
Package biblatex Info: Redefining '\smartcites'.
)
Package biblatex Info: Trying to load configuration file...
Package biblatex Info: ... file 'biblatex.cfg' found.
 (/usr/local/share/miktex-texmf/tex/latex/biblatex/biblatex.cfg
File: biblatex.cfg 
)
Package biblatex Info: Input encoding 'utf8' detected.
Package biblatex Info: Document encoding is UTF8 ....
Package biblatex Info: ... and expl3
(biblatex)             2025-01-18 L3 programming layer (loader) 
(biblatex)             is new enough (at least 2020/04/06),
(biblatex)             setting 'casechanger=expl3'.
 (/usr/local/share/miktex-texmf/tex/latex/biblatex/blx-case-expl3.sty
Package: blx-case-expl3 2024/03/21 v3.20 expl3 case changing code for biblatex
)) (/usr/local/share/miktex-texmf/tex/generic/pgf/frontendlayer/tikz/libraries/tikzlibraryquotes.code.tex
File: tikzlibraryquotes.code.tex 2023-01-15 v3.1.10 (3.1.10)
)
\@quotelevel=\count497
\@quotereset=\count498
 (main.aux

LaTeX Warning: Label `fig:js_PD_gravity_compensation_joint_wrong_g' multiply defined.

)
\openout1 = `main.aux'.

LaTeX Font Info:    Checking defaults for OML/cmm/m/it on input line 29.
LaTeX Font Info:    ... okay on input line 29.
LaTeX Font Info:    Checking defaults for OMS/cmsy/m/n on input line 29.
LaTeX Font Info:    ... okay on input line 29.
LaTeX Font Info:    Checking defaults for OT1/cmr/m/n on input line 29.
LaTeX Font Info:    ... okay on input line 29.
LaTeX Font Info:    Checking defaults for T1/cmr/m/n on input line 29.
LaTeX Font Info:    ... okay on input line 29.
LaTeX Font Info:    Checking defaults for TS1/cmr/m/n on input line 29.
LaTeX Font Info:    ... okay on input line 29.
LaTeX Font Info:    Checking defaults for OMX/cmex/m/n on input line 29.
LaTeX Font Info:    ... okay on input line 29.
LaTeX Font Info:    Checking defaults for U/cmr/m/n on input line 29.
LaTeX Font Info:    ... okay on input line 29.
LaTeX Font Info:    Checking defaults for PD1/pdf/m/n on input line 29.
LaTeX Font Info:    ... okay on input line 29.
LaTeX Font Info:    Checking defaults for PU/pdf/m/n on input line 29.
LaTeX Font Info:    ... okay on input line 29.
 (/usr/local/share/miktex-texmf/tex/context/base/mkii/supp-pdf.mkii
[Loading MPS to PDF converter (version 2006.09.02).]
\scratchcounter=\count499
\scratchdimen=\dimen298
\scratchbox=\box97
\nofMPsegments=\count500
\nofMParguments=\count501
\everyMPshowfont=\toks42
\MPscratchCnt=\count502
\MPscratchDim=\dimen299
\MPnumerator=\count503
\makeMPintoPDFobject=\count504
\everyMPtoPDFconversion=\toks43
) (/usr/local/share/miktex-texmf/tex/latex/epstopdf-pkg/epstopdf-base.sty
Package: epstopdf-base 2020-01-24 v2.11 Base part for package epstopdf
Package epstopdf-base Info: Redefining graphics rule for `.eps' on input line 485.
 (/usr/local/share/miktex-texmf/tex/latex/00miktex/epstopdf-sys.cfg
File: epstopdf-sys.cfg 2021/03/18 v2.0 Configuration of epstopdf for MiKTeX
))
Package caption Info: Begin \AtBeginDocument code.
Package caption Info: subfig package v1.3 is loaded.
Package caption Info: float package is loaded.
Package caption Info: hyperref package is loaded.
Package caption Info: listings package is loaded.
Package caption Info: End \AtBeginDocument code.
Package hyperref Info: Link coloring OFF on input line 29.
 (main.out) (main.out)
\@outlinefile=\write5
\openout5 = `main.out'.

\c@lstlisting=\count505
Package biblatex Info: Trying to load language 'english'...
Package biblatex Info: ... file 'english.lbx' found.
 (/usr/local/share/miktex-texmf/tex/latex/biblatex/lbx/english.lbx
File: english.lbx 2024/03/21 v3.20 biblatex localization (PK/MW)
)
Package biblatex Info: Input encoding 'utf8' detected.
Package biblatex Info: Automatic encoding selection.
(biblatex)             Assuming data encoding 'utf8'.
\openout4 = `main.bcf'.

Package biblatex Info: Trying to load bibliographic data...
Package biblatex Info: ... file 'main.bbl' found.
 (main.bbl)
Package biblatex Info: Reference section=0 on input line 29.
Package biblatex Info: Reference segment=0 on input line 29.


[1

{/home/enrico/.miktex/texmfs/data/fonts/map/pdftex/pdftex.map}] (main.toc)
\tf@toc=\write6
\openout6 = `main.toc'.



[2]
<robot/robot_home_conf.jpg, id=130, 562.1pt x 421.575pt>
File: robot/robot_home_conf.jpg Graphic file (type jpg)
<use robot/robot_home_conf.jpg>
Package pdftex.def Info: robot/robot_home_conf.jpg  used on input line 49.
(pdftex.def)             Requested size: 172.5pt x 129.37462pt.
<robot/robot_home_conf_no_link.jpg, id=131, 562.1pt x 421.575pt>
File: robot/robot_home_conf_no_link.jpg Graphic file (type jpg)
<use robot/robot_home_conf_no_link.jpg>
Package pdftex.def Info: robot/robot_home_conf_no_link.jpg  used on input line 51.
(pdftex.def)             Requested size: 172.5pt x 129.37462pt.


[3 <./robot/robot_home_conf.jpg> <./robot/robot_home_conf_no_link.jpg>]
<robot/toolbox_ik.jpg, id=150, 562.1pt x 421.575pt>
File: robot/toolbox_ik.jpg Graphic file (type jpg)
<use robot/toolbox_ik.jpg>
Package pdftex.def Info: robot/toolbox_ik.jpg  used on input line 117.
(pdftex.def)             Requested size: 172.5pt x 129.37462pt.
<robot/my_ik.jpg, id=151, 562.1pt x 421.575pt>
File: robot/my_ik.jpg Graphic file (type jpg)
<use robot/my_ik.jpg>
Package pdftex.def Info: robot/my_ik.jpg  used on input line 119.
(pdftex.def)             Requested size: 172.5pt x 129.37462pt.

Underfull \hbox (badness 10000) in paragraph at lines 119--119
[]\OT1/cmr/m/n/8 (b) |In-verse kine-mat-ics us-ing equa-tions
 []



[4]
Overfull \hbox (12.14372pt too wide) detected at line 161
[][][]\OML/cmm/m/it/10 B\OT1/cmr/m/n/10 (\OML/cmm/m/it/10 q\OT1/cmr/m/n/10 ) = []
 []


Overfull \hbox (56.98752pt too wide) detected at line 171
[][][]\OML/cmm/m/it/10 C\OT1/cmr/m/n/10 (\OML/cmm/m/it/10 q; []\OT1/cmr/m/n/10 ) = []
 []



[5 <./robot/toolbox_ik.jpg> <./robot/my_ik.jpg>]
<param_estim/param_estim.jpg, id=185, 1003.75pt x 991.705pt>
File: param_estim/param_estim.jpg Graphic file (type jpg)
<use param_estim/param_estim.jpg>
Package pdftex.def Info: param_estim/param_estim.jpg  used on input line 227.
(pdftex.def)             Requested size: 501.87378pt x 495.85129pt.


[6]

[7]
Overfull \vbox (11.50964pt too high) has occurred while \output is active []



[8 <./param_estim/param_estim.jpg>]
<param_estim/param_estim_error.jpg, id=201, 1003.75pt x 991.705pt>
File: param_estim/param_estim_error.jpg Graphic file (type jpg)
<use param_estim/param_estim_error.jpg>
Package pdftex.def Info: param_estim/param_estim_error.jpg  used on input line 237.
(pdftex.def)             Requested size: 501.87378pt x 495.85129pt.
<schemes/joint_space_PD_with_gravity_comp/PD_with_g_compensation_scheme.pdf, id=202, 794.97pt x 614.295pt>
File: schemes/joint_space_PD_with_gravity_comp/PD_with_g_compensation_scheme.pdf Graphic file (type pdf)
<use schemes/joint_space_PD_with_gravity_comp/PD_with_g_compensation_scheme.pdf>
Package pdftex.def Info: schemes/joint_space_PD_with_gravity_comp/PD_with_g_compensation_scheme.pdf  used on input line 305.
(pdftex.def)             Requested size: 556.4752pt x 430.00356pt.


[9 <./param_estim/param_estim_error.jpg>]

[10]
<schemes/joint_space_PD_with_gravity_comp/joints.jpg, id=215, 1003.75pt x 991.705pt>
File: schemes/joint_space_PD_with_gravity_comp/joints.jpg Graphic file (type jpg)
<use schemes/joint_space_PD_with_gravity_comp/joints.jpg>
Package pdftex.def Info: schemes/joint_space_PD_with_gravity_comp/joints.jpg  used on input line 315.
(pdftex.def)             Requested size: 501.87378pt x 495.85129pt.


[11 <./schemes/joint_space_PD_with_gravity_comp/PD_with_g_compensation_scheme.pdf>]
<schemes/joint_space_PD_with_gravity_comp/joints_wrong_g.jpg, id=261, 1003.75pt x 991.705pt>
File: schemes/joint_space_PD_with_gravity_comp/joints_wrong_g.jpg Graphic file (type jpg)
<use schemes/joint_space_PD_with_gravity_comp/joints_wrong_g.jpg>
Package pdftex.def Info: schemes/joint_space_PD_with_gravity_comp/joints_wrong_g.jpg  used on input line 326.
(pdftex.def)             Requested size: 501.87378pt x 495.85129pt.


[12 <./schemes/joint_space_PD_with_gravity_comp/joints.jpg>]
<schemes/joint_space_PD_with_gravity_comp/joints_g_of_q_d.jpg, id=267, 1003.75pt x 991.705pt>
File: schemes/joint_space_PD_with_gravity_comp/joints_g_of_q_d.jpg Graphic file (type jpg)
<use schemes/joint_space_PD_with_gravity_comp/joints_g_of_q_d.jpg>
Package pdftex.def Info: schemes/joint_space_PD_with_gravity_comp/joints_g_of_q_d.jpg  used on input line 337.
(pdftex.def)             Requested size: 501.87378pt x 495.85129pt.


[13 <./schemes/joint_space_PD_with_gravity_comp/joints_wrong_g.jpg>]
<schemes/joint_space_PD_with_gravity_comp/joints_tracking.jpg, id=274, 1003.75pt x 991.705pt>
File: schemes/joint_space_PD_with_gravity_comp/joints_tracking.jpg Graphic file (type jpg)
<use schemes/joint_space_PD_with_gravity_comp/joints_tracking.jpg>
Package pdftex.def Info: schemes/joint_space_PD_with_gravity_comp/joints_tracking.jpg  used on input line 351.
(pdftex.def)             Requested size: 501.87378pt x 495.85129pt.


[14 <./schemes/joint_space_PD_with_gravity_comp/joints_g_of_q_d.jpg>]
<schemes/joint_space_inverse_dynamics/Inverse_dynamics_control.pdf, id=280, 794.97pt x 614.295pt>
File: schemes/joint_space_inverse_dynamics/Inverse_dynamics_control.pdf Graphic file (type pdf)
<use schemes/joint_space_inverse_dynamics/Inverse_dynamics_control.pdf>
Package pdftex.def Info: schemes/joint_space_inverse_dynamics/Inverse_dynamics_control.pdf  used on input line 363.
(pdftex.def)             Requested size: 556.4752pt x 430.00356pt.


[15 <./schemes/joint_space_PD_with_gravity_comp/joints_tracking.jpg>]
<schemes/joint_space_inverse_dynamics/joints.jpg, id=286, 1003.75pt x 991.705pt>
File: schemes/joint_space_inverse_dynamics/joints.jpg Graphic file (type jpg)
<use schemes/joint_space_inverse_dynamics/joints.jpg>
Package pdftex.def Info: schemes/joint_space_inverse_dynamics/joints.jpg  used on input line 374.
(pdftex.def)             Requested size: 501.87378pt x 495.85129pt.


[16 <./schemes/joint_space_inverse_dynamics/Inverse_dynamics_control.pdf>]
<schemes/joint_space_inverse_dynamics/joints_wrong_dynamics_matrices.jpg, id=346, 1003.75pt x 991.705pt>
File: schemes/joint_space_inverse_dynamics/joints_wrong_dynamics_matrices.jpg Graphic file (type jpg)
<use schemes/joint_space_inverse_dynamics/joints_wrong_dynamics_matrices.jpg>
Package pdftex.def Info: schemes/joint_space_inverse_dynamics/joints_wrong_dynamics_matrices.jpg  used on input line 384.
(pdftex.def)             Requested size: 501.87378pt x 495.85129pt.


[17 <./schemes/joint_space_inverse_dynamics/joints.jpg>]
<schemes/op_space_PD_with_gravity_comp/PD_with_g_compensation_op_space_scheme.pdf, id=352, 794.97pt x 614.295pt>
File: schemes/op_space_PD_with_gravity_comp/PD_with_g_compensation_op_space_scheme.pdf Graphic file (type pdf)
<use schemes/op_space_PD_with_gravity_comp/PD_with_g_compensation_op_space_scheme.pdf>
Package pdftex.def Info: schemes/op_space_PD_with_gravity_comp/PD_with_g_compensation_op_space_scheme.pdf  used on input line 398.
(pdftex.def)             Requested size: 556.4752pt x 430.00356pt.


[18 <./schemes/joint_space_inverse_dynamics/joints_wrong_dynamics_matrices.jpg>]
<schemes/op_space_PD_with_gravity_comp/joints.jpg, id=358, 1003.75pt x 991.705pt>
File: schemes/op_space_PD_with_gravity_comp/joints.jpg Graphic file (type jpg)
<use schemes/op_space_PD_with_gravity_comp/joints.jpg>
Package pdftex.def Info: schemes/op_space_PD_with_gravity_comp/joints.jpg  used on input line 408.
(pdftex.def)             Requested size: 501.87378pt x 495.85129pt.


[19 <./schemes/op_space_PD_with_gravity_comp/PD_with_g_compensation_op_space_scheme.pdf>]

[20 <./schemes/op_space_PD_with_gravity_comp/joints.jpg>] (main.aux)
 ***********
LaTeX2e <2024-11-01> patch level 2
L3 programming layer <2020/03/25>
 ***********


LaTeX Warning: There were multiply-defined labels.

Package rerunfilecheck Info: File `main.out' has not changed.
(rerunfilecheck)             Checksum: 02A61D880C56E4597DDC2B1A85E94BF1;3088.
Package logreq Info: Writing requests to 'main.run.xml'.
\openout1 = `main.run.xml'.

 ) 
Here is how much of TeX's memory you used:
 36926 strings out of 473531
 748398 string characters out of 5722067
 1637911 words of memory out of 5000000
 59495 multiletter control sequences out of 15000+600000
 564579 words of font info for 56 fonts, out of 8000000 for 9000
 1141 hyphenation exceptions out of 8191
 99i,16n,118p,730b,803s stack positions out of 10000i,1000n,20000p,200000b,200000s

pdfTeX warning (dest): name{https://github.com/bonoldie/ACS} has been referenced but does not exist, replaced by a fixed one

</usr/local/share/miktex-texmf/fonts/type1/public/amsfonts/cm/cmbx10.pfb></usr/local/share/miktex-texmf/fonts/type1/public/amsfonts/cm/cmbx12.pfb></usr/local/share/miktex-texmf/fonts/type1/public/amsfonts/cm/cmbxti10.pfb></usr/local/share/miktex-texmf/fonts/type1/public/amsfonts/cm/cmex10.pfb></usr/local/share/miktex-texmf/fonts/type1/public/amsfonts/cm/cmmi10.pfb></usr/local/share/miktex-texmf/fonts/type1/public/amsfonts/cm/cmmi7.pfb></usr/local/share/miktex-texmf/fonts/type1/public/amsfonts/cm/cmr10.pfb></usr/local/share/miktex-texmf/fonts/type1/public/amsfonts/cm/cmr12.pfb></usr/local/share/miktex-texmf/fonts/type1/public/amsfonts/cm/cmr17.pfb></usr/local/share/miktex-texmf/fonts/type1/public/amsfonts/cm/cmr7.pfb></usr/local/share/miktex-texmf/fonts/type1/public/amsfonts/cm/cmr8.pfb></usr/local/share/miktex-texmf/fonts/type1/public/amsfonts/cm/cmsy10.pfb></usr/local/share/miktex-texmf/fonts/type1/public/amsfonts/cm/cmsy7.pfb></usr/local/share/miktex-texmf/fonts/type1/public/amsfonts/latxfont/line10.pfb>
Output written on main.pdf (20 pages, 2485672 bytes).
PDF statistics:
 499 PDF objects out of 1000 (max. 8388607)
 76 named destinations out of 1000 (max. 500000)
 325 words of extra memory for PDF output out of 10000 (max. 10000000)

